1633657624349	geckodriver	INFO	Listening on 127.0.0.1:52705
1633657627397	mozrunner::runner	INFO	Running command: "C:\\Program Files\\Mozilla Firefox\\firefox.exe" "--marionette" "-foreground" "-no-remote" "-profile" "C:\\Users\\tedu\\AppData\\Local\\Temp\\rust_mozprofileBBSgYb"
1633657627993	Marionette	INFO	Marionette enabled
console.warn: SearchSettings: "get: No settings file exists, new profile?" (new NotFoundError("Could not open the file at C:\\Users\\tedu\\AppData\\Local\\Temp\\rust_mozprofileBBSgYb\\search.json.mozlz4", (void 0)))
1633657633199	Marionette	INFO	Listening on port 52715
1633657633471	Marionette	WARN	TLS certificate errors will be ignored for this session
1633657642978	Marionette	INFO	Stopped listening on port 52715
[Parent 3512, IPC I/O Parent] WARNING: file /builds/worker/checkouts/gecko/ipc/chromium/src/base/process_util_win.cc:167

###!!! [Child][RunMessage] Error: Channel closing: too late to send/recv, messages will be lost

1633657915560	geckodriver	INFO	Listening on 127.0.0.1:57570
1633657918591	mozrunner::runner	INFO	Running command: "C:\\Program Files\\Mozilla Firefox\\firefox.exe" "--marionette" "-foreground" "-no-remote" "-profile" "C:\\Users\\tedu\\AppData\\Local\\Temp\\rust_mozprofileHizpax"
1633657919028	Marionette	INFO	Marionette enabled
console.warn: SearchSettings: "get: No settings file exists, new profile?" (new NotFoundError("Could not open the file at C:\\Users\\tedu\\AppData\\Local\\Temp\\rust_mozprofileHizpax\\search.json.mozlz4", (void 0)))
1633657922559	Marionette	INFO	Listening on port 57579
1633657922950	Marionette	WARN	TLS certificate errors will be ignored for this session
1633657933175	Marionette	INFO	Stopped listening on port 57579

###!!! [Child][RunMessage] Error: Channel closing: too late to send/recv, messages will be lost

1633659374007	geckodriver	INFO	Listening on 127.0.0.1:52863
1633659377038	mozrunner::runner	INFO	Running command: "C:\\Program Files\\Mozilla Firefox\\firefox.exe" "--marionette" "-foreground" "-no-remote" "-profile" "C:\\Users\\tedu\\AppData\\Local\\Temp\\rust_mozprofileTon39n"
1633659377547	Marionette	INFO	Marionette enabled
console.warn: SearchSettings: "get: No settings file exists, new profile?" (new NotFoundError("Could not open the file at C:\\Users\\tedu\\AppData\\Local\\Temp\\rust_mozprofileTon39n\\search.json.mozlz4", (void 0)))
1633659381240	Marionette	INFO	Listening on port 52873
1633659381618	Marionette	WARN	TLS certificate errors will be ignored for this session
1633659392194	Marionette	INFO	Stopped listening on port 52873
[Parent 9432, IPC I/O Parent] WARNING: file /builds/worker/checkouts/gecko/ipc/chromium/src/base/process_util_win.cc:167

###!!! [Child][RunMessage] Error: Channel closing: too late to send/recv, messages will be lost

1633659409072	geckodriver	INFO	Listening on 127.0.0.1:52936
1633659412092	mozrunner::runner	INFO	Running command: "C:\\Program Files\\Mozilla Firefox\\firefox.exe" "--marionette" "-foreground" "-no-remote" "-profile" "C:\\Users\\tedu\\AppData\\Local\\Temp\\rust_mozprofileFmvDQF"
1633659412525	Marionette	INFO	Marionette enabled
console.warn: SearchSettings: "get: No settings file exists, new profile?" (new NotFoundError("Could not open the file at C:\\Users\\tedu\\AppData\\Local\\Temp\\rust_mozprofileFmvDQF\\search.json.mozlz4", (void 0)))
1633659416229	Marionette	INFO	Listening on port 52944
1633659416445	Marionette	WARN	TLS certificate errors will be ignored for this session
1633659426839	Marionette	INFO	Stopped listening on port 52944

###!!! [Child][RunMessage] Error: Channel closing: too late to send/recv, messages will be lost

1633659575734	geckodriver	INFO	Listening on 127.0.0.1:53017
1633659578766	mozrunner::runner	INFO	Running command: "C:\\Program Files\\Mozilla Firefox\\firefox.exe" "--marionette" "-foreground" "-no-remote" "-profile" "C:\\Users\\tedu\\AppData\\Local\\Temp\\rust_mozprofileAKgIlS"
1633659579277	Marionette	INFO	Marionette enabled
console.warn: SearchSettings: "get: No settings file exists, new profile?" (new NotFoundError("Could not open the file at C:\\Users\\tedu\\AppData\\Local\\Temp\\rust_mozprofileAKgIlS\\search.json.mozlz4", (void 0)))
1633659583051	Marionette	INFO	Listening on port 53025
1633659583304	Marionette	WARN	TLS certificate errors will be ignored for this session
1633659593660	Marionette	INFO	Stopped listening on port 53025

###!!! [Child][RunMessage] Error: Channel closing: too late to send/recv, messages will be lost

1633659774268	geckodriver	INFO	Listening on 127.0.0.1:53100
1633659777297	mozrunner::runner	INFO	Running command: "C:\\Program Files\\Mozilla Firefox\\firefox.exe" "--marionette" "-foreground" "-no-remote" "-profile" "C:\\Users\\tedu\\AppData\\Local\\Temp\\rust_mozprofileLxltNX"
1633659777749	Marionette	INFO	Marionette enabled
console.warn: SearchSettings: "get: No settings file exists, new profile?" (new NotFoundError("Could not open the file at C:\\Users\\tedu\\AppData\\Local\\Temp\\rust_mozprofileLxltNX\\search.json.mozlz4", (void 0)))
1633659781387	Marionette	INFO	Listening on port 53108
1633659781709	Marionette	WARN	TLS certificate errors will be ignored for this session
1633659794601	Marionette	INFO	Stopped listening on port 53108
[Parent 10364, IPC I/O Parent] WARNING: file /builds/worker/checkouts/gecko/ipc/chromium/src/base/process_util_win.cc:167
1633659912431	geckodriver	INFO	Listening on 127.0.0.1:53197
1633659915469	mozrunner::runner	INFO	Running command: "C:\\Program Files\\Mozilla Firefox\\firefox.exe" "--marionette" "-foreground" "-no-remote" "-profile" "C:\\Users\\tedu\\AppData\\Local\\Temp\\rust_mozprofileiFQYFh"
1633659915955	Marionette	INFO	Marionette enabled
console.warn: SearchSettings: "get: No settings file exists, new profile?" (new NotFoundError("Could not open the file at C:\\Users\\tedu\\AppData\\Local\\Temp\\rust_mozprofileiFQYFh\\search.json.mozlz4", (void 0)))
1633659920031	Marionette	INFO	Listening on port 53205
1633659920443	Marionette	WARN	TLS certificate errors will be ignored for this session
1633659933067	Marionette	INFO	Stopped listening on port 53205

###!!! [Child][RunMessage] Error: Channel closing: too late to send/recv, messages will be lost

1633660426270	geckodriver	INFO	Listening on 127.0.0.1:62842
1633660429291	mozrunner::runner	INFO	Running command: "C:\\Program Files\\Mozilla Firefox\\firefox.exe" "--marionette" "-foreground" "-no-remote" "-profile" "C:\\Users\\tedu\\AppData\\Local\\Temp\\rust_mozprofileByGRqn"
1633660429731	Marionette	INFO	Marionette enabled
console.warn: SearchSettings: "get: No settings file exists, new profile?" (new NotFoundError("Could not open the file at C:\\Users\\tedu\\AppData\\Local\\Temp\\rust_mozprofileByGRqn\\search.json.mozlz4", (void 0)))
1633660433332	Marionette	INFO	Listening on port 62850
1633660434029	Marionette	WARN	TLS certificate errors will be ignored for this session
1633660451140	Marionette	INFO	Stopped listening on port 62850
JavaScript error: resource://gre/modules/UrlClassifierListManager.jsm, line 691: TypeError: this.tablesData[table] is undefined
[Parent 9396, IPC I/O Parent] WARNING: file /builds/worker/checkouts/gecko/ipc/chromium/src/base/process_util_win.cc:167
1633660670907	geckodriver	INFO	Listening on 127.0.0.1:62962
1633660673952	mozrunner::runner	INFO	Running command: "C:\\Program Files\\Mozilla Firefox\\firefox.exe" "--marionette" "-foreground" "-no-remote" "-profile" "C:\\Users\\tedu\\AppData\\Local\\Temp\\rust_mozprofileQwSfOB"
1633660674444	Marionette	INFO	Marionette enabled
console.warn: SearchSettings: "get: No settings file exists, new profile?" (new NotFoundError("Could not open the file at C:\\Users\\tedu\\AppData\\Local\\Temp\\rust_mozprofileQwSfOB\\search.json.mozlz4", (void 0)))
1633660677858	Marionette	INFO	Listening on port 62970
1633660678391	Marionette	WARN	TLS certificate errors will be ignored for this session
1633660695103	Marionette	INFO	Stopped listening on port 62970

###!!! [Child][RunMessage] Error: Channel closing: too late to send/recv, messages will be lost

1633661198303	geckodriver	INFO	Listening on 127.0.0.1:54654
1633661201335	mozrunner::runner	INFO	Running command: "C:\\Program Files\\Mozilla Firefox\\firefox.exe" "--marionette" "-foreground" "-no-remote" "-profile" "C:\\Users\\tedu\\AppData\\Local\\Temp\\rust_mozprofileKRCsYu"
1633661201745	Marionette	INFO	Marionette enabled
console.warn: SearchSettings: "get: No settings file exists, new profile?" (new NotFoundError("Could not open the file at C:\\Users\\tedu\\AppData\\Local\\Temp\\rust_mozprofileKRCsYu\\search.json.mozlz4", (void 0)))
1633661205533	Marionette	INFO	Listening on port 54662
1633661206375	Marionette	WARN	TLS certificate errors will be ignored for this session
1633661227224	Marionette	INFO	Stopped listening on port 54662

###!!! [Child][RunMessage] Error: Channel closing: too late to send/recv, messages will be lost


###!!! [Child][RunMessage] Error: Channel closing: too late to send/recv, messages will be lost

1633661231714	geckodriver	INFO	Listening on 127.0.0.1:54756
1633661234745	mozrunner::runner	INFO	Running command: "C:\\Program Files\\Mozilla Firefox\\firefox.exe" "--marionette" "-foreground" "-no-remote" "-profile" "C:\\Users\\tedu\\AppData\\Local\\Temp\\rust_mozprofilegkjADd"
1633661235148	Marionette	INFO	Marionette enabled
console.warn: SearchSettings: "get: No settings file exists, new profile?" (new NotFoundError("Could not open the file at C:\\Users\\tedu\\AppData\\Local\\Temp\\rust_mozprofilegkjADd\\search.json.mozlz4", (void 0)))
1633661238842	Marionette	INFO	Listening on port 54765
1633661239280	Marionette	WARN	TLS certificate errors will be ignored for this session
1633661260219	Marionette	INFO	Stopped listening on port 54765
JavaScript error: resource://gre/modules/UrlClassifierListManager.jsm, line 691: TypeError: this.tablesData[table] is undefined
[Parent 6628, IPC I/O Parent] WARNING: file /builds/worker/checkouts/gecko/ipc/chromium/src/base/process_util_win.cc:167

###!!! [Child][RunMessage] Error: Channel closing: too late to send/recv, messages will be lost


###!!! [Child][RunMessage] Error: Channel closing: too late to send/recv, messages will be lost

1633662485646	geckodriver	INFO	Listening on 127.0.0.1:63573
1633662488677	mozrunner::runner	INFO	Running command: "C:\\Program Files\\Mozilla Firefox\\firefox.exe" "--marionette" "-foreground" "-no-remote" "-profile" "C:\\Users\\tedu\\AppData\\Local\\Temp\\rust_mozprofile0Kz7pz"
1633662489085	Marionette	INFO	Marionette enabled
console.warn: SearchSettings: "get: No settings file exists, new profile?" (new NotFoundError("Could not open the file at C:\\Users\\tedu\\AppData\\Local\\Temp\\rust_mozprofile0Kz7pz\\search.json.mozlz4", (void 0)))
1633662492728	Marionette	INFO	Listening on port 63581
1633662493209	Marionette	WARN	TLS certificate errors will be ignored for this session
1633662522386	Marionette	INFO	Stopped listening on port 63581
[Parent 760, IPC I/O Parent] WARNING: file /builds/worker/checkouts/gecko/ipc/chromium/src/base/process_util_win.cc:167

###!!! [Child][RunMessage] Error: Channel closing: too late to send/recv, messages will be lost

1633664146178	geckodriver	INFO	Listening on 127.0.0.1:63846
1633664149219	mozrunner::runner	INFO	Running command: "C:\\Program Files\\Mozilla Firefox\\firefox.exe" "--marionette" "-foreground" "-no-remote" "-profile" "C:\\Users\\tedu\\AppData\\Local\\Temp\\rust_mozprofileyidi6s"
1633664149753	Marionette	INFO	Marionette enabled
console.warn: SearchSettings: "get: No settings file exists, new profile?" (new NotFoundError("Could not open the file at C:\\Users\\tedu\\AppData\\Local\\Temp\\rust_mozprofileyidi6s\\search.json.mozlz4", (void 0)))
1633664153327	Marionette	INFO	Listening on port 63855
1633664153756	Marionette	WARN	TLS certificate errors will be ignored for this session
1633664183001	Marionette	INFO	Stopped listening on port 63855

###!!! [Child][RunMessage] Error: Channel closing: too late to send/recv, messages will be lost


###!!! [Child][RunMessage] Error: Channel closing: too late to send/recv, messages will be lost

1633664204717	geckodriver	INFO	Listening on 127.0.0.1:61383
1633664207747	mozrunner::runner	INFO	Running command: "C:\\Program Files\\Mozilla Firefox\\firefox.exe" "--marionette" "-foreground" "-no-remote" "-profile" "C:\\Users\\tedu\\AppData\\Local\\Temp\\rust_mozprofile1h57xM"
1633664208235	Marionette	INFO	Marionette enabled
console.warn: SearchSettings: "get: No settings file exists, new profile?" (new NotFoundError("Could not open the file at C:\\Users\\tedu\\AppData\\Local\\Temp\\rust_mozprofile1h57xM\\search.json.mozlz4", (void 0)))
1633664212034	Marionette	INFO	Listening on port 61391
1633664212373	Marionette	WARN	TLS certificate errors will be ignored for this session
1633664241510	Marionette	INFO	Stopped listening on port 61391
1633665525507	geckodriver	INFO	Listening on 127.0.0.1:61343
1633665528546	mozrunner::runner	INFO	Running command: "C:\\Program Files\\Mozilla Firefox\\firefox.exe" "--marionette" "-foreground" "-no-remote" "-profile" "C:\\Users\\tedu\\AppData\\Local\\Temp\\rust_mozprofileuU1xWI"
1633665528950	Marionette	INFO	Marionette enabled
console.warn: SearchSettings: "get: No settings file exists, new profile?" (new NotFoundError("Could not open the file at C:\\Users\\tedu\\AppData\\Local\\Temp\\rust_mozprofileuU1xWI\\search.json.mozlz4", (void 0)))
1633665532524	Marionette	INFO	Listening on port 61352
1633665532893	Marionette	WARN	TLS certificate errors will be ignored for this session
1633665562819	Marionette	INFO	Stopped listening on port 61352
[Parent 11164, IPC I/O Parent] WARNING: file /builds/worker/checkouts/gecko/ipc/chromium/src/base/process_util_win.cc:167

###!!! [Child][RunMessage] Error: Channel closing: too late to send/recv, messages will be lost

1633665697419	geckodriver	INFO	Listening on 127.0.0.1:52340
1633665700438	mozrunner::runner	INFO	Running command: "C:\\Program Files\\Mozilla Firefox\\firefox.exe" "--marionette" "-foreground" "-no-remote" "-profile" "C:\\Users\\tedu\\AppData\\Local\\Temp\\rust_mozprofileK1WFcr"
1633665700870	Marionette	INFO	Marionette enabled
console.warn: SearchSettings: "get: No settings file exists, new profile?" (new NotFoundError("Could not open the file at C:\\Users\\tedu\\AppData\\Local\\Temp\\rust_mozprofileK1WFcr\\search.json.mozlz4", (void 0)))
1633665704523	Marionette	INFO	Listening on port 52348
1633665705058	Marionette	WARN	TLS certificate errors will be ignored for this session
1633665755441	Marionette	INFO	Stopped listening on port 52348
[Parent 10256, IPC I/O Parent] WARNING: file /builds/worker/checkouts/gecko/ipc/chromium/src/base/process_util_win.cc:167

###!!! [Child][RunMessage] Error: Channel closing: too late to send/recv, messages will be lost

1633673322601	geckodriver	INFO	Listening on 127.0.0.1:53315
1633673325640	mozrunner::runner	INFO	Running command: "C:\\Program Files\\Mozilla Firefox\\firefox.exe" "--marionette" "-foreground" "-no-remote" "-profile" "C:\\Users\\tedu\\AppData\\Local\\Temp\\rust_mozprofileNHqZel"
1633673326107	Marionette	INFO	Marionette enabled
console.warn: SearchSettings: "get: No settings file exists, new profile?" (new NotFoundError("Could not open the file at C:\\Users\\tedu\\AppData\\Local\\Temp\\rust_mozprofileNHqZel\\search.json.mozlz4", (void 0)))
1633673330047	Marionette	INFO	Listening on port 53323
1633673330776	Marionette	WARN	TLS certificate errors will be ignored for this session
1633673339227	Marionette	INFO	Stopped listening on port 53323
1633673682549	geckodriver	INFO	Listening on 127.0.0.1:53439
1633673685577	mozrunner::runner	INFO	Running command: "C:\\Program Files\\Mozilla Firefox\\firefox.exe" "--marionette" "-foreground" "-no-remote" "-profile" "C:\\Users\\tedu\\AppData\\Local\\Temp\\rust_mozprofileI7JQsY"
1633673686020	Marionette	INFO	Marionette enabled
console.warn: SearchSettings: "get: No settings file exists, new profile?" (new NotFoundError("Could not open the file at C:\\Users\\tedu\\AppData\\Local\\Temp\\rust_mozprofileI7JQsY\\search.json.mozlz4", (void 0)))
1633673689559	Marionette	INFO	Listening on port 53447
1633673689940	Marionette	WARN	TLS certificate errors will be ignored for this session
1633673700817	Marionette	INFO	Stopped listening on port 53447
[Parent 7180, IPC I/O Parent] WARNING: file /builds/worker/checkouts/gecko/ipc/chromium/src/base/process_util_win.cc:167

###!!! [Child][RunMessage] Error: Channel closing: too late to send/recv, messages will be lost


###!!! [Child][RunMessage] Error: Channel closing: too late to send/recv, messages will be lost

1633673924880	geckodriver	INFO	Listening on 127.0.0.1:53522
1633673927923	mozrunner::runner	INFO	Running command: "C:\\Program Files\\Mozilla Firefox\\firefox.exe" "--marionette" "-foreground" "-no-remote" "-profile" "C:\\Users\\tedu\\AppData\\Local\\Temp\\rust_mozprofileTX33k5"
1633673928345	Marionette	INFO	Marionette enabled
console.warn: SearchSettings: "get: No settings file exists, new profile?" (new NotFoundError("Could not open the file at C:\\Users\\tedu\\AppData\\Local\\Temp\\rust_mozprofileTX33k5\\search.json.mozlz4", (void 0)))
1633673931917	Marionette	INFO	Listening on port 53530
1633673932463	Marionette	WARN	TLS certificate errors will be ignored for this session
1633673943027	Marionette	INFO	Stopped listening on port 53530

###!!! [Child][RunMessage] Error: Channel closing: too late to send/recv, messages will be lost

1633674331443	geckodriver	INFO	Listening on 127.0.0.1:57540
1633674334472	mozrunner::runner	INFO	Running command: "C:\\Program Files\\Mozilla Firefox\\firefox.exe" "--marionette" "-foreground" "-no-remote" "-profile" "C:\\Users\\tedu\\AppData\\Local\\Temp\\rust_mozprofile27MSid"
1633674334941	Marionette	INFO	Marionette enabled
console.warn: SearchSettings: "get: No settings file exists, new profile?" (new NotFoundError("Could not open the file at C:\\Users\\tedu\\AppData\\Local\\Temp\\rust_mozprofile27MSid\\search.json.mozlz4", (void 0)))
1633674338462	Marionette	INFO	Listening on port 57548
1633674338845	Marionette	WARN	TLS certificate errors will be ignored for this session
1633674351350	Marionette	INFO	Stopped listening on port 57548

###!!! [Child][RunMessage] Error: Channel closing: too late to send/recv, messages will be lost

1633675052208	geckodriver	INFO	Listening on 127.0.0.1:58713
1633675055239	mozrunner::runner	INFO	Running command: "C:\\Program Files\\Mozilla Firefox\\firefox.exe" "--marionette" "-foreground" "-no-remote" "-profile" "C:\\Users\\tedu\\AppData\\Local\\Temp\\rust_mozprofileGMseLH"
1633675055697	Marionette	INFO	Marionette enabled
console.warn: SearchSettings: "get: No settings file exists, new profile?" (new NotFoundError("Could not open the file at C:\\Users\\tedu\\AppData\\Local\\Temp\\rust_mozprofileGMseLH\\search.json.mozlz4", (void 0)))
1633675059513	Marionette	INFO	Listening on port 58721
1633675060272	Marionette	WARN	TLS certificate errors will be ignored for this session
JavaScript error: resource://gre/modules/psm/RemoteSecuritySettings.jsm, line 789: NS_ERROR_ILLEGAL_VALUE: Component returned failure code: 0x80070057 (NS_ERROR_ILLEGAL_VALUE) [nsIXPCComponents_Utils.reportError]
e" "C:\\Users\\tedu\\AppData\\Local\\Temp\\rust_mozprofilexidNS3"
1633675429106	Marionette	INFO	Marionette enabled
console.warn: SearchSettings: "get: No settings file exists, new profile?" (new NotFoundError("Could not open the file at C:\\Users\\tedu\\AppData\\Local\\Temp\\rust_mozprofilexidNS3\\search.json.mozlz4", (void 0)))
1633675432804	Marionette	INFO	Listening on port 51021
1633675433156	Marionette	WARN	TLS certificate errors will be ignored for this session
1633675450831	Marionette	INFO	Stopped listening on port 51021

###!!! [Child][RunMessage] Error: Channel closing: too late to send/recv, messages will be lost


###!!! [Child][RunMessage] Error: Channel closing: too late to send/recv, messages will be lost

1633675768732	geckodriver	INFO	Listening on 127.0.0.1:51874
1633675771801	mozrunner::runner	INFO	Running command: "C:\\Program Files\\Mozilla Firefox\\firefox.exe" "--marionette" "-foreground" "-no-remote" "-profile" "C:\\Users\\tedu\\AppData\\Local\\Temp\\rust_mozprofile48xe53"
1633675772245	Marionette	INFO	Marionette enabled
console.warn: SearchSettings: "get: No settings file exists, new profile?" (new NotFoundError("Could not open the file at C:\\Users\\tedu\\AppData\\Local\\Temp\\rust_mozprofile48xe53\\search.json.mozlz4", (void 0)))
1633675775831	Marionette	INFO	Listening on port 51883
1633675776175	Marionette	WARN	TLS certificate errors will be ignored for this session
1633675794033	Marionette	INFO	Stopped listening on port 51883

###!!! [Child][RunMessage] Error: Channel closing: too late to send/recv, messages will be lost


###!!! [Child][RunMessage] Error: Channel closing: too late to send/recv, messages will be lost

1633678313745	geckodriver	INFO	Listening on 127.0.0.1:64523
1633678316774	mozrunner::runner	INFO	Running command: "C:\\Program Files\\Mozilla Firefox\\firefox.exe" "--marionette" "-foreground" "-no-remote" "-profile" "C:\\Users\\tedu\\AppData\\Local\\Temp\\rust_mozprofile5HnGVQ"
1633678317368	Marionette	INFO	Marionette enabled
console.warn: SearchSettings: "get: No settings file exists, new profile?" (new NotFoundError("Could not open the file at C:\\Users\\tedu\\AppData\\Local\\Temp\\rust_mozprofile5HnGVQ\\search.json.mozlz4", (void 0)))
1633678321852	Marionette	INFO	Listening on port 64533
1633678322918	Marionette	WARN	TLS certificate errors will be ignored for this session
1633678342017	Marionette	INFO	Stopped listening on port 64533
[Parent 10232, IPC I/O Parent] WARNING: file /builds/worker/checkouts/gecko/ipc/chromium/src/base/process_util_win.cc:167

###!!! [Child][RunMessage] Error: Channel closing: too late to send/recv, messages will be lost

1633678746416	geckodriver	INFO	Listening on 127.0.0.1:64653
1633678749450	mozrunner::runner	INFO	Running command: "C:\\Program Files\\Mozilla Firefox\\firefox.exe" "--marionette" "-foreground" "-no-remote" "-profile" "C:\\Users\\tedu\\AppData\\Local\\Temp\\rust_mozprofileN9uh62"
1633678750098	Marionette	INFO	Marionette enabled
console.warn: SearchSettings: "get: No settings file exists, new profile?" (new NotFoundError("Could not open the file at C:\\Users\\tedu\\AppData\\Local\\Temp\\rust_mozprofileN9uh62\\search.json.mozlz4", (void 0)))
1633678754545	Marionette	INFO	Listening on port 64661
1633678754923	Marionette	WARN	TLS certificate errors will be ignored for this session
1633678782155	Marionette	INFO	Stopped listening on port 64661
[Parent 11812, IPC I/O Parent] WARNING: file /builds/worker/checkouts/gecko/ipc/chromium/src/base/process_util_win.cc:167

###!!! [Child][RunMessage] Error: Channel closing: too late to send/recv, messages will be lost

1633679080361	geckodriver	INFO	Listening on 127.0.0.1:64837
1633679083394	mozrunner::runner	INFO	Running command: "C:\\Program Files\\Mozilla Firefox\\firefox.exe" "--marionette" "-foreground" "-no-remote" "-profile" "C:\\Users\\tedu\\AppData\\Local\\Temp\\rust_mozprofile67Z1TL"
1633679084031	Marionette	INFO	Marionette enabled
console.warn: SearchSettings: "get: No settings file exists, new profile?" (new NotFoundError("Could not open the file at C:\\Users\\tedu\\AppData\\Local\\Temp\\rust_mozprofile67Z1TL\\search.json.mozlz4", (void 0)))
1633679088233	Marionette	INFO	Listening on port 64848
1633679088541	Marionette	WARN	TLS certificate errors will be ignored for this session
1633679120507	Marionette	INFO	Stopped listening on port 64848

###!!! [Child][RunMessage] Error: Channel closing: too late to send/recv, messages will be lost

1633679854368	geckodriver	INFO	Listening on 127.0.0.1:65012
1633679857390	mozrunner::runner	INFO	Running command: "C:\\Program Files\\Mozilla Firefox\\firefox.exe" "--marionette" "-foreground" "-no-remote" "-profile" "C:\\Users\\tedu\\AppData\\Local\\Temp\\rust_mozprofileVDVy8n"
1633679858002	Marionette	INFO	Marionette enabled
console.warn: SearchSettings: "get: No settings file exists, new profile?" (new NotFoundError("Could not open the file at C:\\Users\\tedu\\AppData\\Local\\Temp\\rust_mozprofileVDVy8n\\search.json.mozlz4", (void 0)))
1633679862062	Marionette	INFO	Listening on port 65020
1633679862351	Marionette	WARN	TLS certificate errors will be ignored for this session
JavaScript error: resource://gre/modules/psm/RemoteSecuritySettings.jsm, line 789: NS_ERROR_ILLEGAL_VALUE: Component returned failure code: 0x80070057 (NS_ERROR_ILLEGAL_VALUE) [nsIXPCComponents_Utils.reportError]
JavaScript error: , line 0: NS_ERROR_NOT_AVAILABLE
rofile5yfsjf"
1633679937339	Marionette	INFO	Marionette enabled
console.warn: SearchSettings: "get: No settings file exists, new profile?" (new NotFoundError("Could not open the file at C:\\Users\\tedu\\AppData\\Local\\Temp\\rust_mozprofile5yfsjf\\search.json.mozlz4", (void 0)))
1633679941902	Marionette	INFO	Listening on port 65111
1633679942252	Marionette	WARN	TLS certificate errors will be ignored for this session
JavaScript error: resource://gre/modules/psm/RemoteSecuritySettings.jsm, line 789: NS_ERROR_ILLEGAL_VALUE: Component returned failure code: 0x80070057 (NS_ERROR_ILLEGAL_VALUE) [nsIXPCComponents_Utils.reportError]
JavaScript error: , line 0: NS_ERROR_NOT_AVAILABLE
1:60672
1633680443036	mozrunner::runner	INFO	Running command: "C:\\Program Files\\Mozilla Firefox\\firefox.exe" "--marionette" "-foreground" "-no-remote" "-profile" "C:\\Users\\tedu\\AppData\\Local\\Temp\\rust_mozprofileiBzpDv"
1633680443654	Marionette	INFO	Marionette enabled
console.warn: SearchSettings: "get: No settings file exists, new profile?" (new NotFoundError("Could not open the file at C:\\Users\\tedu\\AppData\\Local\\Temp\\rust_mozprofileiBzpDv\\search.json.mozlz4", (void 0)))
1633680448110	Marionette	INFO	Listening on port 60680
1633680448681	Marionette	WARN	TLS certificate errors will be ignored for this session
1633680497282	Marionette	INFO	Stopped listening on port 60680

###!!! [Child][RunMessage] Error: Channel closing: too late to send/recv, messages will be lost

1633682145063	geckodriver	INFO	Listening on 127.0.0.1:59999
1633682148093	mozrunner::runner	INFO	Running command: "C:\\Program Files\\Mozilla Firefox\\firefox.exe" "--marionette" "-foreground" "-no-remote" "-profile" "C:\\Users\\tedu\\AppData\\Local\\Temp\\rust_mozprofiletqNh8V"
1633682148794	Marionette	INFO	Marionette enabled
console.warn: SearchSettings: "get: No settings file exists, new profile?" (new NotFoundError("Could not open the file at C:\\Users\\tedu\\AppData\\Local\\Temp\\rust_mozprofiletqNh8V\\search.json.mozlz4", (void 0)))
1633682153216	Marionette	INFO	Listening on port 60007
1633682153548	Marionette	WARN	TLS certificate errors will be ignored for this session
JavaScript error: http://bbs.ecshop.com/, line 176: SyntaxError: private fields are not currently supported
1633682257578	Marionette	INFO	Stopped listening on port 60007

###!!! [Child][RunMessage] Error: Channel closing: too late to send/recv, messages will be lost

1633682811480	geckodriver	INFO	Listening on 127.0.0.1:53054
1633682814502	mozrunner::runner	INFO	Running command: "C:\\Program Files\\Mozilla Firefox\\firefox.exe" "--marionette" "-foreground" "-no-remote" "-profile" "C:\\Users\\tedu\\AppData\\Local\\Temp\\rust_mozprofilesCefUQ"
1633682815091	Marionette	INFO	Marionette enabled
console.warn: SearchSettings: "get: No settings file exists, new profile?" (new NotFoundError("Could not open the file at C:\\Users\\tedu\\AppData\\Local\\Temp\\rust_mozprofilesCefUQ\\search.json.mozlz4", (void 0)))
1633682819142	Marionette	INFO	Listening on port 53063
1633682819498	Marionette	WARN	TLS certificate errors will be ignored for this session
1633682828118	Marionette	INFO	Stopped listening on port 53063
[Parent 13420, IPC I/O Parent] WARNING: file /builds/worker/checkouts/gecko/ipc/chromium/src/base/process_util_win.cc:167
1633682985615	geckodriver	INFO	Listening on 127.0.0.1:53135
1633682988629	mozrunner::runner	INFO	Running command: "C:\\Program Files\\Mozilla Firefox\\firefox.exe" "--marionette" "-foreground" "-no-remote" "-profile" "C:\\Users\\tedu\\AppData\\Local\\Temp\\rust_mozprofileejbhnE"
1633682989240	Marionette	INFO	Marionette enabled
console.warn: SearchSettings: "get: No settings file exists, new profile?" (new NotFoundError("Could not open the file at C:\\Users\\tedu\\AppData\\Local\\Temp\\rust_mozprofileejbhnE\\search.json.mozlz4", (void 0)))
1633682993399	Marionette	INFO	Listening on port 53143
1633682993774	Marionette	WARN	TLS certificate errors will be ignored for this session
1633683004357	Marionette	INFO	Stopped listening on port 53143
[Parent 13636, IPC I/O Parent] WARNING: file /builds/worker/checkouts/gecko/ipc/chromium/src/base/process_util_win.cc:167

###!!! [Child][RunMessage] Error: Channel closing: too late to send/recv, messages will be lost

1633683211869	geckodriver	INFO	Listening on 127.0.0.1:53237
1633683214901	mozrunner::runner	INFO	Running command: "C:\\Program Files\\Mozilla Firefox\\firefox.exe" "--marionette" "-foreground" "-no-remote" "-profile" "C:\\Users\\tedu\\AppData\\Local\\Temp\\rust_mozprofileG3kBcv"
1633683215514	Marionette	INFO	Marionette enabled
console.warn: SearchSettings: "get: No settings file exists, new profile?" (new NotFoundError("Could not open the file at C:\\Users\\tedu\\AppData\\Local\\Temp\\rust_mozprofileG3kBcv\\search.json.mozlz4", (void 0)))
1633683220114	Marionette	INFO	Listening on port 53248
1633683220380	Marionette	WARN	TLS certificate errors will be ignored for this session
1633683234105	Marionette	WARN	TimedPromise timed out after 5000 ms: stacktrace:
TimedPromise/<@chrome://marionette/content/sync.js:237:19
TimedPromise@chrome://marionette/content/sync.js:222:10
GeckoDriver.prototype.minimizeWindow@chrome://marionette/content/driver.js:2500:11
1633683238372	Marionette	INFO	Stopped listening on port 53248
1633683489461	geckodriver	INFO	Listening on 127.0.0.1:60995
1633683492495	mozrunner::runner	INFO	Running command: "C:\\Program Files\\Mozilla Firefox\\firefox.exe" "--marionette" "-foreground" "-no-remote" "-profile" "C:\\Users\\tedu\\AppData\\Local\\Temp\\rust_mozprofile3xSzpg"
1633683493079	Marionette	INFO	Marionette enabled
console.warn: SearchSettings: "get: No settings file exists, new profile?" (new NotFoundError("Could not open the file at C:\\Users\\tedu\\AppData\\Local\\Temp\\rust_mozprofile3xSzpg\\search.json.mozlz4", (void 0)))
1633683497546	Marionette	INFO	Listening on port 61003
1633683497948	Marionette	WARN	TLS certificate errors will be ignored for this session
JavaScript error: resource://gre/modules/psm/RemoteSecuritySettings.jsm, line 789: NS_ERROR_ILLEGAL_VALUE: Component returned failure code: 0x80070057 (NS_ERROR_ILLEGAL_VALUE) [nsIXPCComponents_Utils.reportError]
e" "C:\\Users\\tedu\\AppData\\Local\\Temp\\rust_mozprofileOqfc4q"
1633683511895	Marionette	INFO	Marionette enabled
console.warn: SearchSettings: "get: No settings file exists, new profile?" (new NotFoundError("Could not open the file at C:\\Users\\tedu\\AppData\\Local\\Temp\\rust_mozprofileOqfc4q\\search.json.mozlz4", (void 0)))
1633683516846	Marionette	INFO	Listening on port 61080
1633683517327	Marionette	WARN	TLS certificate errors will be ignored for this session
1633683530950	Marionette	WARN	TimedPromise timed out after 5000 ms: stacktrace:
TimedPromise/<@chrome://marionette/content/sync.js:237:19
TimedPromise@chrome://marionette/content/sync.js:222:10
GeckoDriver.prototype.minimizeWindow@chrome://marionette/content/driver.js:2500:11
1633683537252	Marionette	INFO	Stopped listening on port 61080
[Parent 13380, IPC I/O Parent] WARNING: file /builds/worker/checkouts/gecko/ipc/chromium/src/base/process_util_win.cc:167
1633684266527	geckodriver	INFO	Listening on 127.0.0.1:60476
1633684269561	mozrunner::runner	INFO	Running command: "C:\\Program Files\\Mozilla Firefox\\firefox.exe" "--marionette" "-foreground" "-no-remote" "-profile" "C:\\Users\\tedu\\AppData\\Local\\Temp\\rust_mozprofileMoPkBN"
1633684270177	Marionette	INFO	Marionette enabled
console.warn: SearchSettings: "get: No settings file exists, new profile?" (new NotFoundError("Could not open the file at C:\\Users\\tedu\\AppData\\Local\\Temp\\rust_mozprofileMoPkBN\\search.json.mozlz4", (void 0)))
1633684274764	Marionette	INFO	Listening on port 60484
1633684275015	Marionette	WARN	TLS certificate errors will be ignored for this session
1633684288617	Marionette	WARN	TimedPromise timed out after 5000 ms: stacktrace:
TimedPromise/<@chrome://marionette/content/sync.js:237:19
TimedPromise@chrome://marionette/content/sync.js:222:10
GeckoDriver.prototype.minimizeWindow@chrome://marionette/content/driver.js:2500:11
1633684294936	Marionette	INFO	Stopped listening on port 60484
[Parent 12936, IPC I/O Parent] WARNING: file /builds/worker/checkouts/gecko/ipc/chromium/src/base/process_util_win.cc:167

###!!! [Child][RunMessage] Error: Channel closing: too late to send/recv, messages will be lost

1633686050239	geckodriver	INFO	Listening on 127.0.0.1:58756
1633686053265	mozrunner::runner	INFO	Running command: "C:\\Program Files\\Mozilla Firefox\\firefox.exe" "--marionette" "-foreground" "-no-remote" "-profile" "C:\\Users\\tedu\\AppData\\Local\\Temp\\rust_mozprofilevLvbWe"
1633686053992	Marionette	INFO	Marionette enabled
console.warn: SearchSettings: "get: No settings file exists, new profile?" (new NotFoundError("Could not open the file at C:\\Users\\tedu\\AppData\\Local\\Temp\\rust_mozprofilevLvbWe\\search.json.mozlz4", (void 0)))
1633686058295	Marionette	INFO	Listening on port 58764
1633686058741	Marionette	WARN	TLS certificate errors will be ignored for this session
1633686068389	Marionette	INFO	Stopped listening on port 58764

###!!! [Child][RunMessage] Error: Channel closing: too late to send/recv, messages will be lost

1633686202074	geckodriver	INFO	Listening on 127.0.0.1:53577
1633686205088	mozrunner::runner	INFO	Running command: "C:\\Program Files\\Mozilla Firefox\\firefox.exe" "--marionette" "-foreground" "-no-remote" "-profile" "C:\\Users\\tedu\\AppData\\Local\\Temp\\rust_mozprofilemwcSYr"
1633686205748	Marionette	INFO	Marionette enabled
console.warn: SearchSettings: "get: No settings file exists, new profile?" (new NotFoundError("Could not open the file at C:\\Users\\tedu\\AppData\\Local\\Temp\\rust_mozprofilemwcSYr\\search.json.mozlz4", (void 0)))
1633686210140	Marionette	INFO	Listening on port 53585
1633686210549	Marionette	WARN	TLS certificate errors will be ignored for this session
1633686220054	Marionette	INFO	Stopped listening on port 53585

###!!! [Child][RunMessage] Error: Channel closing: too late to send/recv, messages will be lost


###!!! [Child][RunMessage] Error: Channel closing: too late to send/recv, messages will be lost

1633686350227	geckodriver	INFO	Listening on 127.0.0.1:53378
1633686353261	mozrunner::runner	INFO	Running command: "C:\\Program Files\\Mozilla Firefox\\firefox.exe" "--marionette" "-foreground" "-no-remote" "-profile" "C:\\Users\\tedu\\AppData\\Local\\Temp\\rust_mozprofileeSubQp"
1633686353862	Marionette	INFO	Marionette enabled
console.warn: SearchSettings: "get: No settings file exists, new profile?" (new NotFoundError("Could not open the file at C:\\Users\\tedu\\AppData\\Local\\Temp\\rust_mozprofileeSubQp\\search.json.mozlz4", (void 0)))
1633686358113	Marionette	INFO	Listening on port 53386
1633686358904	Marionette	WARN	TLS certificate errors will be ignored for this session
JavaScript error: resource://gre/actors/AutoCompleteChild.jsm, line 125: Error: Invalid autocomplete selectedIndex
1633686369228	Marionette	INFO	Stopped listening on port 53386
[Parent 15176, IPC I/O Parent] WARNING: file /builds/worker/checkouts/gecko/ipc/chromium/src/base/process_util_win.cc:167

###!!! [Child][RunMessage] Error: Channel closing: too late to send/recv, messages will be lost

1633687025762	geckodriver	INFO	Listening on 127.0.0.1:49331
1633687028783	mozrunner::runner	INFO	Running command: "C:\\Program Files\\Mozilla Firefox\\firefox.exe" "--marionette" "-foreground" "-no-remote" "-profile" "C:\\Users\\tedu\\AppData\\Local\\Temp\\rust_mozprofilet7zdFt"
1633687029558	Marionette	INFO	Marionette enabled
console.warn: SearchSettings: "get: No settings file exists, new profile?" (new NotFoundError("Could not open the file at C:\\Users\\tedu\\AppData\\Local\\Temp\\rust_mozprofilet7zdFt\\search.json.mozlz4", (void 0)))
1633687034930	Marionette	INFO	Listening on port 49339
1633687035361	Marionette	WARN	TLS certificate errors will be ignored for this session
JavaScript error: resource://gre/actors/AutoCompleteChild.jsm, line 125: Error: Invalid autocomplete selectedIndex
1633687041953	Marionette	INFO	Stopped listening on port 49339
[Parent 8548, IPC I/O Parent] WARNING: file /builds/worker/checkouts/gecko/ipc/chromium/src/base/process_util_win.cc:167

###!!! [Child][RunMessage] Error: Channel closing: too late to send/recv, messages will be lost

1633687048638	geckodriver	INFO	Listening on 127.0.0.1:49937
1633687051662	mozrunner::runner	INFO	Running command: "C:\\Program Files\\Mozilla Firefox\\firefox.exe" "--marionette" "-foreground" "-no-remote" "-profile" "C:\\Users\\tedu\\AppData\\Local\\Temp\\rust_mozprofilemjdUg8"
1633687052399	Marionette	INFO	Marionette enabled
console.warn: SearchSettings: "get: No settings file exists, new profile?" (new NotFoundError("Could not open the file at C:\\Users\\tedu\\AppData\\Local\\Temp\\rust_mozprofilemjdUg8\\search.json.mozlz4", (void 0)))
1633687057706	Marionette	INFO	Listening on port 49945
1633687058429	Marionette	WARN	TLS certificate errors will be ignored for this session
JavaScript error: resource://gre/actors/AutoCompleteChild.jsm, line 125: Error: Invalid autocomplete selectedIndex
1633687064057	Marionette	INFO	Stopped listening on port 49945

###!!! [Child][RunMessage] Error: Channel closing: too late to send/recv, messages will be lost


###!!! [Child][RunMessage] Error: Channel closing: too late to send/recv, messages will be lost

1633687427775	geckodriver	INFO	Listening on 127.0.0.1:50059
1633687430797	mozrunner::runner	INFO	Running command: "C:\\Program Files\\Mozilla Firefox\\firefox.exe" "--marionette" "-foreground" "-no-remote" "-profile" "C:\\Users\\tedu\\AppData\\Local\\Temp\\rust_mozprofilenH7p37"
1633687431386	Marionette	INFO	Marionette enabled
console.warn: SearchSettings: "get: No settings file exists, new profile?" (new NotFoundError("Could not open the file at C:\\Users\\tedu\\AppData\\Local\\Temp\\rust_mozprofilenH7p37\\search.json.mozlz4", (void 0)))
1633687435715	Marionette	INFO	Listening on port 50068
1633687436441	Marionette	WARN	TLS certificate errors will be ignored for this session
JavaScript error: resource://gre/actors/AutoCompleteChild.jsm, line 125: Error: Invalid autocomplete selectedIndex
1633687441863	Marionette	INFO	Stopped listening on port 50068
console.error: services.settings: 
  main/partitioning-exempt-urls Signature failed  TypeError: NetworkError when attempting to fetch resource.
console.error: services.settings: 
  main/message-groups Signature failed  TypeError: NetworkError when attempting to fetch resource.
[Parent 8988, IPC I/O Parent] WARNING: file /builds/worker/checkouts/gecko/ipc/chromium/src/base/process_util_win.cc:167

###!!! [Child][RunMessage] Error: Channel closing: too late to send/recv, messages will be lost


###!!! [Child][RunMessage] Error: Channel closing: too late to send/recv, messages will be lost

1633687453210	geckodriver	INFO	Listening on 127.0.0.1:57039
1633687456234	mozrunner::runner	INFO	Running command: "C:\\Program Files\\Mozilla Firefox\\firefox.exe" "--marionette" "-foreground" "-no-remote" "-profile" "C:\\Users\\tedu\\AppData\\Local\\Temp\\rust_mozprofile8sO0Qg"
1633687456786	Marionette	INFO	Marionette enabled
console.warn: SearchSettings: "get: No settings file exists, new profile?" (new NotFoundError("Could not open the file at C:\\Users\\tedu\\AppData\\Local\\Temp\\rust_mozprofile8sO0Qg\\search.json.mozlz4", (void 0)))
1633687460911	Marionette	INFO	Listening on port 57047
1633687461205	Marionette	WARN	TLS certificate errors will be ignored for this session
JavaScript error: resource://gre/actors/AutoCompleteChild.jsm, line 125: Error: Invalid autocomplete selectedIndex
1633687466634	Marionette	INFO	Stopped listening on port 57047
[Parent 14480, IPC I/O Parent] WARNING: file /builds/worker/checkouts/gecko/ipc/chromium/src/base/process_util_win.cc:167

###!!! [Child][RunMessage] Error: Channel closing: too late to send/recv, messages will be lost


###!!! [Child][RunMessage] Error: Channel closing: too late to send/recv, messages will be lost

1633687516777	geckodriver	INFO	Listening on 127.0.0.1:57106
1633687519811	mozrunner::runner	INFO	Running command: "C:\\Program Files\\Mozilla Firefox\\firefox.exe" "--marionette" "-foreground" "-no-remote" "-profile" "C:\\Users\\tedu\\AppData\\Local\\Temp\\rust_mozprofile279Wt5"
1633687520386	Marionette	INFO	Marionette enabled
console.warn: SearchSettings: "get: No settings file exists, new profile?" (new NotFoundError("Could not open the file at C:\\Users\\tedu\\AppData\\Local\\Temp\\rust_mozprofile279Wt5\\search.json.mozlz4", (void 0)))
1633687524975	Marionette	INFO	Listening on port 57114
1633687525316	Marionette	WARN	TLS certificate errors will be ignored for this session
JavaScript error: resource://gre/actors/AutoCompleteChild.jsm, line 125: Error: Invalid autocomplete selectedIndex
1633687538799	Marionette	INFO	Stopped listening on port 57114

###!!! [Child][RunMessage] Error: Channel closing: too late to send/recv, messages will be lost

